<?xml version="1.0" encoding="UTF-8"?>
<!-- Generated by org.testng.reporters.JUnitReportReporter -->
<testsuite hostname="TISRNT07" failures="0" tests="6" name="PaltalkAutomation.TestPaltalkWebpage" time="111.445" errors="0" timestamp="2024-05-02T12:12:20 IST" skipped="0">
  <testcase classname="PaltalkAutomation.TestPaltalkWebpage" name="testPaltalkFeaturesPage" time="9.217"/>
  <system-out/>
  <testcase classname="PaltalkAutomation.TestPaltalkWebpage" name="testPaltalkMembersPage" time="19.417"/>
  <system-out/>
  <testcase classname="PaltalkAutomation.TestPaltalkWebpage" name="testAge" time="22.017"/>
  <system-out/>
  <testcase classname="PaltalkAutomation.TestPaltalkWebpage" name="testFilters" time="5.845"/>
  <system-out/>
  <testcase classname="PaltalkAutomation.TestPaltalkWebpage" name="testChatRoom" time="48.250"/>
  <system-out/>
  <testcase classname="PaltalkAutomation.TestPaltalkWebpage" name="testProducts" time="6.699"/>
  <system-out/>
</testsuite> <!-- PaltalkAutomation.TestPaltalkWebpage -->
