<?xml version="1.0" encoding="UTF-8"?>
<!-- Generated by org.testng.reporters.JUnitReportReporter -->
<testsuite hostname="TISRNT07" failures="0" tests="1" name="thinkwiseAutomation.LoginValidation" time="28.175" errors="0" timestamp="2024-03-04T12:21:34 IST" skipped="0">
  <testcase classname="thinkwiseAutomation.LoginValidation" name="invalidData" time="28.175"/>
  <system-out/>
</testsuite> <!-- thinkwiseAutomation.LoginValidation -->
