<?xml version="1.0" encoding="UTF-8"?>
<!-- Generated by org.testng.reporters.JUnitReportReporter -->
<testsuite hostname="TISRNT07" failures="0" tests="2" name="com.testMethods.NewPageTest" time="83.552" errors="0" timestamp="2024-02-29T11:28:06 IST" skipped="0">
  <testcase classname="com.testMethods.NewPageTest" name="emptyPageTest" time="67.571"/>
  <system-out/>
  <testcase classname="com.testMethods.NewPageTest" name="EnterValidData" time="15.981"/>
  <system-out/>
</testsuite> <!-- com.testMethods.NewPageTest -->
