<?xml version="1.0" encoding="UTF-8"?>
<!-- Generated by org.testng.reporters.JUnitReportReporter -->
<testsuite hostname="TISRNT07" failures="0" tests="1" name="jsonOperations.JsonReading" time="0.034" errors="0" timestamp="2024-04-17T10:15:47 IST" skipped="0">
  <testcase classname="jsonOperations.JsonReading" name="jsonReader" time="0.034"/>
  <system-out/>
</testsuite> <!-- jsonOperations.JsonReading -->
