<?xml version="1.0" encoding="UTF-8"?>
<!-- Generated by org.testng.reporters.JUnitReportReporter -->
<testsuite hostname="TISRNT07" failures="0" tests="1" name="jsonOperations.DataDrivenJson" time="0.000" errors="0" timestamp="2024-04-17T11:53:25 IST" skipped="1">
  <testcase classname="jsonOperations.DataDrivenJson" name="login" time="0.000">
    <skipped/>
  </testcase> <!-- login -->
  <system-out/>
</testsuite> <!-- jsonOperations.DataDrivenJson -->
